2024-10-02 09:16:38,448 - WARNING -  * Debugger is active!
2024-10-02 09:16:38,455 - INFO -  * Debugger PIN: 645-789-521
2024-10-02 09:16:50,433 - INFO -  * Detected change in 'C:\\Users\\hetan\\OneDrive\\Desktop\\hack\\file_tranfer\\app.py', reloading
2024-10-02 09:16:50,435 - INFO -  * Detected change in 'C:\\Users\\hetan\\OneDrive\\Desktop\\hack\\file_tranfer\\app.py', reloading
2024-10-02 09:16:50,919 - WARNING -  * Debugger is active!
2024-10-02 09:16:50,923 - INFO -  * Debugger PIN: 645-789-521
2024-10-02 09:17:30,468 - INFO - [31m[1mWARNING: This is a development server. Do not use it in a production deployment. Use a production WSGI server instead.[0m
 * Running on http://127.0.0.1:5000
2024-10-02 09:17:30,469 - INFO - [33mPress CTRL+C to quit[0m
2024-10-02 09:17:30,479 - INFO -  * Restarting with watchdog (windowsapi)
2024-10-02 09:17:30,786 - WARNING -  * Debugger is active!
2024-10-02 09:17:30,790 - INFO -  * Debugger PIN: 645-789-521
2024-10-02 09:17:38,358 - INFO - 127.0.0.1 - - [02/Oct/2024 09:17:38] "GET / HTTP/1.1" 200 -
2024-10-02 09:17:38,500 - INFO - 127.0.0.1 - - [02/Oct/2024 09:17:38] "GET /static/style.css HTTP/1.1" 200 -
2024-10-02 09:17:40,318 - INFO - 127.0.0.1 - - [02/Oct/2024 09:17:40] "GET /upload HTTP/1.1" 200 -
2024-10-02 09:17:40,340 - INFO - 127.0.0.1 - - [02/Oct/2024 09:17:40] "[36mGET /static/style.css HTTP/1.1[0m" 304 -
2024-10-02 09:17:49,029 - INFO - 127.0.0.1 - - [02/Oct/2024 09:17:49] "[35m[1mPOST /upload HTTP/1.1[0m" 500 -
2024-10-02 09:17:49,054 - INFO - 127.0.0.1 - - [02/Oct/2024 09:17:49] "GET /upload?__debugger__=yes&cmd=resource&f=debugger.js HTTP/1.1" 200 -
2024-10-02 09:17:49,054 - INFO - 127.0.0.1 - - [02/Oct/2024 09:17:49] "GET /upload?__debugger__=yes&cmd=resource&f=style.css HTTP/1.1" 200 -
2024-10-02 09:17:49,303 - INFO - 127.0.0.1 - - [02/Oct/2024 09:17:49] "GET /upload?__debugger__=yes&cmd=resource&f=console.png&s=WF1e8EQTETafBoCmiMfJ HTTP/1.1" 200 -
2024-10-02 09:17:49,551 - INFO - 127.0.0.1 - - [02/Oct/2024 09:17:49] "GET /upload?__debugger__=yes&cmd=resource&f=console.png HTTP/1.1" 200 -
2024-10-02 09:17:54,240 - INFO - 127.0.0.1 - - [02/Oct/2024 09:17:54] "[35m[1mPOST /upload HTTP/1.1[0m" 500 -
2024-10-02 09:17:54,262 - INFO - 127.0.0.1 - - [02/Oct/2024 09:17:54] "[36mGET /upload?__debugger__=yes&cmd=resource&f=style.css HTTP/1.1[0m" 304 -
2024-10-02 09:17:54,269 - INFO - 127.0.0.1 - - [02/Oct/2024 09:17:54] "[36mGET /upload?__debugger__=yes&cmd=resource&f=debugger.js HTTP/1.1[0m" 304 -
2024-10-02 09:17:54,466 - INFO - 127.0.0.1 - - [02/Oct/2024 09:17:54] "[36mGET /upload?__debugger__=yes&cmd=resource&f=console.png&s=WF1e8EQTETafBoCmiMfJ HTTP/1.1[0m" 304 -
2024-10-02 09:17:54,689 - INFO - 127.0.0.1 - - [02/Oct/2024 09:17:54] "[36mGET /upload?__debugger__=yes&cmd=resource&f=console.png HTTP/1.1[0m" 304 -
2024-10-02 09:18:57,291 - INFO -  * Detected change in 'C:\\Users\\hetan\\OneDrive\\Desktop\\hack\\file_tranfer\\app.py', reloading
2024-10-02 09:18:57,292 - INFO -  * Detected change in 'C:\\Users\\hetan\\OneDrive\\Desktop\\hack\\file_tranfer\\app.py', reloading
2024-10-02 09:18:57,293 - INFO -  * Detected change in 'C:\\Users\\hetan\\OneDrive\\Desktop\\hack\\file_tranfer\\app.py', reloading
2024-10-02 09:18:57,449 - INFO -  * Restarting with watchdog (windowsapi)
2024-10-02 09:18:59,848 - INFO -  * Restarting with watchdog (windowsapi)
2024-10-02 09:22:08,043 - INFO -  * Restarting with watchdog (windowsapi)
2024-10-02 09:22:09,379 - INFO -  * Restarting with watchdog (windowsapi)
2024-10-02 09:25:11,453 - INFO -  * Restarting with watchdog (windowsapi)
2024-10-02 09:25:14,764 - INFO -  * Restarting with watchdog (windowsapi)
2024-10-02 09:25:21,070 - INFO -  * Restarting with watchdog (windowsapi)
2024-10-02 09:25:29,394 - INFO -  * Restarting with watchdog (windowsapi)
2024-10-02 09:26:50,084 - INFO -  * Restarting with watchdog (windowsapi)
2024-10-02 09:28:28,923 - INFO -  * Restarting with watchdog (windowsapi)
2024-10-02 09:28:30,231 - INFO -  * Restarting with watchdog (windowsapi)
2024-10-02 09:28:35,551 - INFO -  * Restarting with watchdog (windowsapi)
2024-10-02 09:28:40,869 - INFO -  * Restarting with watchdog (windowsapi)
2024-10-02 09:32:59,394 - INFO -  * Restarting with watchdog (windowsapi)
2024-10-02 09:33:00,727 - INFO -  * Restarting with watchdog (windowsapi)
2024-10-02 09:35:36,851 - INFO -  * Restarting with watchdog (windowsapi)
2024-10-02 09:35:38,164 - INFO -  * Restarting with watchdog (windowsapi)
2024-10-02 09:35:51,560 - INFO -  * Restarting with watchdog (windowsapi)
2024-10-02 09:35:52,857 - INFO -  * Restarting with watchdog (windowsapi)
2024-10-02 09:35:59,169 - INFO -  * Restarting with watchdog (windowsapi)
2024-10-02 09:36:09,537 - INFO -  * Restarting with watchdog (windowsapi)
2024-10-02 09:41:16,437 - INFO -  * Restarting with watchdog (windowsapi)
2024-10-02 09:41:17,755 - INFO -  * Restarting with watchdog (windowsapi)
2024-10-02 09:41:26,091 - INFO -  * Restarting with watchdog (windowsapi)
2024-10-02 09:41:35,462 - INFO -  * Restarting with watchdog (windowsapi)
2024-10-02 09:41:36,770 - INFO -  * Restarting with watchdog (windowsapi)
2024-10-02 09:41:38,106 - INFO -  * Restarting with watchdog (windowsapi)
2024-10-02 09:43:34,173 - INFO -  * Restarting with watchdog (windowsapi)
2024-10-02 09:43:35,478 - INFO -  * Restarting with watchdog (windowsapi)
2024-10-02 09:45:47,498 - INFO -  * Restarting with watchdog (windowsapi)
2024-10-02 09:45:48,809 - INFO -  * Restarting with watchdog (windowsapi)
2024-10-02 09:48:08,885 - INFO -  * Restarting with watchdog (windowsapi)
2024-10-02 09:48:11,416 - INFO -  * Restarting with watchdog (windowsapi)
2024-10-02 09:48:20,860 - INFO -  * Restarting with watchdog (windowsapi)
2024-10-02 09:48:22,157 - INFO -  * Restarting with watchdog (windowsapi)
2024-10-02 09:50:33,218 - INFO -  * Restarting with watchdog (windowsapi)
2024-10-02 09:50:34,718 - INFO -  * Restarting with watchdog (windowsapi)
2024-10-02 09:50:43,284 - INFO -  * Restarting with watchdog (windowsapi)
2024-10-02 09:50:44,760 - INFO -  * Restarting with watchdog (windowsapi)
2024-10-02 09:50:49,302 - INFO -  * Restarting with watchdog (windowsapi)
2024-10-02 09:51:05,845 - INFO -  * Restarting with watchdog (windowsapi)
2024-10-02 09:52:20,548 - INFO -  * Restarting with watchdog (windowsapi)
2024-10-02 09:53:00,255 - INFO -  * Restarting with watchdog (windowsapi)
2024-10-02 09:53:01,807 - INFO -  * Restarting with watchdog (windowsapi)
2024-10-02 09:53:11,485 - INFO -  * Restarting with watchdog (windowsapi)
2024-10-02 09:53:13,002 - INFO -  * Restarting with watchdog (windowsapi)
2024-10-02 09:53:18,578 - INFO -  * Restarting with watchdog (windowsapi)
2024-10-02 09:53:20,295 - INFO -  * Restarting with watchdog (windowsapi)
2024-10-02 09:53:37,964 - INFO -  * Restarting with watchdog (windowsapi)
2024-10-02 09:55:50,184 - INFO -  * Restarting with watchdog (windowsapi)
2024-10-02 09:56:19,023 - INFO -  * Restarting with watchdog (windowsapi)
2024-10-02 09:56:21,349 - INFO -  * Restarting with watchdog (windowsapi)
2024-10-02 09:57:59,504 - INFO -  * Restarting with watchdog (windowsapi)
2024-10-02 09:58:01,093 - INFO -  * Restarting with watchdog (windowsapi)
2024-10-02 09:58:18,837 - INFO -  * Restarting with watchdog (windowsapi)
2024-10-02 09:58:20,318 - INFO -  * Restarting with watchdog (windowsapi)
2024-10-02 09:58:27,049 - INFO -  * Restarting with watchdog (windowsapi)
2024-10-02 09:58:43,781 - INFO -  * Restarting with watchdog (windowsapi)
2024-10-02 10:00:26,869 - INFO -  * Restarting with watchdog (windowsapi)
2024-10-02 10:01:08,328 - INFO -  * Restarting with watchdog (windowsapi)
2024-10-02 10:01:09,658 - INFO -  * Restarting with watchdog (windowsapi)
2024-10-02 10:01:26,009 - INFO -  * Restarting with watchdog (windowsapi)
2024-10-02 10:01:50,424 - INFO -  * Restarting with watchdog (windowsapi)
2024-10-02 10:04:05,458 - INFO -  * Restarting with watchdog (windowsapi)
2024-10-02 10:05:21,209 - INFO -  * Restarting with watchdog (windowsapi)
2024-10-02 10:05:22,529 - INFO -  * Restarting with watchdog (windowsapi)
2024-10-02 10:06:59,560 - INFO -  * Restarting with watchdog (windowsapi)
2024-10-02 10:07:00,866 - INFO -  * Restarting with watchdog (windowsapi)
